Determining if the pthread_create exist failed with the following output:
Change Dir: /home/mjw/ycm_build/CMakeFiles/CMakeTmp

Run Build Command:/usr/bin/make "cmTryCompileExec263650816/fast"
/usr/bin/make -f CMakeFiles/cmTryCompileExec263650816.dir/build.make CMakeFiles/cmTryCompileExec263650816.dir/build
make[1]: Entering directory `/home/mjw/ycm_build/CMakeFiles/CMakeTmp'
/usr/bin/cmake -E cmake_progress_report /home/mjw/ycm_build/CMakeFiles/CMakeTmp/CMakeFiles 1
Building C object CMakeFiles/cmTryCompileExec263650816.dir/CheckSymbolExists.c.o
/usr/bin/cc    -o CMakeFiles/cmTryCompileExec263650816.dir/CheckSymbolExists.c.o   -c /home/mjw/ycm_build/CMakeFiles/CMakeTmp/CheckSymbolExists.c
Linking C executable cmTryCompileExec263650816
/usr/bin/cmake -E cmake_link_script CMakeFiles/cmTryCompileExec263650816.dir/link.txt --verbose=1
/usr/bin/cc       CMakeFiles/cmTryCompileExec263650816.dir/CheckSymbolExists.c.o  -o cmTryCompileExec263650816 -rdynamic 
CMakeFiles/cmTryCompileExec263650816.dir/CheckSymbolExists.c.o: In function `main':
CheckSymbolExists.c:(.text+0x16): undefined reference to `pthread_create'
collect2: error: ld returned 1 exit status
make[1]: *** [cmTryCompileExec263650816] Error 1
make[1]: Leaving directory `/home/mjw/ycm_build/CMakeFiles/CMakeTmp'
make: *** [cmTryCompileExec263650816/fast] Error 2

File /home/mjw/ycm_build/CMakeFiles/CMakeTmp/CheckSymbolExists.c:
/* */
#include <pthread.h>

int main(int argc, char** argv)
{
  (void)argv;
#ifndef pthread_create
  return ((int*)(&pthread_create))[argc];
#else
  (void)argc;
  return 0;
#endif
}

Determining if the function pthread_create exists in the pthreads failed with the following output:
Change Dir: /home/mjw/ycm_build/CMakeFiles/CMakeTmp

Run Build Command:/usr/bin/make "cmTryCompileExec98809723/fast"
/usr/bin/make -f CMakeFiles/cmTryCompileExec98809723.dir/build.make CMakeFiles/cmTryCompileExec98809723.dir/build
make[1]: Entering directory `/home/mjw/ycm_build/CMakeFiles/CMakeTmp'
/usr/bin/cmake -E cmake_progress_report /home/mjw/ycm_build/CMakeFiles/CMakeTmp/CMakeFiles 1
Building C object CMakeFiles/cmTryCompileExec98809723.dir/CheckFunctionExists.c.o
/usr/bin/cc   -DCHECK_FUNCTION_EXISTS=pthread_create   -o CMakeFiles/cmTryCompileExec98809723.dir/CheckFunctionExists.c.o   -c /usr/share/cmake-2.8/Modules/CheckFunctionExists.c
Linking C executable cmTryCompileExec98809723
/usr/bin/cmake -E cmake_link_script CMakeFiles/cmTryCompileExec98809723.dir/link.txt --verbose=1
/usr/bin/cc   -DCHECK_FUNCTION_EXISTS=pthread_create    CMakeFiles/cmTryCompileExec98809723.dir/CheckFunctionExists.c.o  -o cmTryCompileExec98809723 -rdynamic -lpthreads 
/usr/bin/ld: cannot find -lpthreads
collect2: error: ld returned 1 exit status
make[1]: Leaving directory `/home/mjw/ycm_build/CMakeFiles/CMakeTmp'
make[1]: *** [cmTryCompileExec98809723] Error 1
make: *** [cmTryCompileExec98809723/fast] Error 2


